2022-01-02 09:23:51.192 | INFO     | httprunner.runner:test_start:450 - Start to run testcase: qqºÅ²âÊÔĞ×¼ª, TestCase ID: 3741b19e-2e90-44e6-9292-48eb27ceb147
2022-01-02 09:23:51.193 | INFO     | httprunner.runner:__run_step:292 - run step begin: ²âÊÔĞ×¼ª >>>>>>
2022-01-02 09:23:51.432 | DEBUG    | httprunner.client:request:186 - client IP: 192.168.0.170, Port: 61572
2022-01-02 09:23:51.433 | DEBUG    | httprunner.client:request:194 - server IP: 203.107.54.210, Port: 80
2022-01-02 09:23:51.434 | DEBUG    | httprunner.client:log_print:40 - 
================== request details ==================
method   : GET
url      : http://japi.juhe.cn/qqevaluate/qq?key=f21ae3db6c8e4bc0f7e8411a86f404ea&qq=123123123
headers  : {
    "User-Agent": "python-requests/2.24.0",
    "Accept-Encoding": "gzip, deflate",
    "Accept": "*/*",
    "Connection": "keep-alive",
    "HRUN-Request-ID": "HRUN-3741b19e-2e90-44e6-9292-48eb27ceb147-631194"
}
cookies  : {}
body     : None

2022-01-02 09:23:51.435 | DEBUG    | httprunner.client:log_print:40 - 
================== response details ==================
status_code : 200
headers  : {
    "Date": "Sun, 02 Jan 2022 01:23:52 GMT",
    "Content-Type": "application/json",
    "Transfer-Encoding": "chunked",
    "Connection": "keep-alive",
    "Set-Cookie": "aliyungf_tc=0893950247ab3ea91d2ddda9e14859f4fb89cdff464d061fb03e105660fc0b9c; Path=/; HttpOnly"
}
cookies  : {
    "aliyungf_tc": "0893950247ab3ea91d2ddda9e14859f4fb89cdff464d061fb03e105660fc0b9c"
}
encoding : None
content_type : application/json
body     : {
    "error_code": 0,
    "reason": "success",
    "result": {
        "data": {
            "conclusion": "\u6839\u6df1\u8482\u56fa\uff0c\u84b8\u84b8\u65e5\u4e0a\uff0c\u5982\u610f\u5409\u7965\uff0c\u767e\u4e8b\u987a\u9042",
            "analysis": "\u4e3b\u4eba\u6027\u683c\u7c7b\u578b\uff1a[\u70ed\u60c5/\u5584\u53d8\u68a6\u60f3\u5bb6\u578b]\uff0c\u5176\u5177\u4f53\u8868\u73b0\u4e3a\uff1a\u5bf9\u4eba\u70ed\u60c5\u65e0\u906e\u63a9\uff0c\u65f6\u5e38\u68a6\u60f3\u53ef\u4ee5\u8c08\u4e00\u573a\u620f\u5267\u6027\u604b\u7231\uff0c\u4eb2\u8eab\u4f53\u4f1a\u4e2a\u4e2d\u60b2\u6b22\u79bb\u5408\u7684\u52a8\u4eba\u7ecf\u5386\uff0c\u662f\u4e2a\u5927\u68a6\u60f3\u5bb6\u3002\u4f46\u5bf9\u4e8e\u611f\u60c5\u5374\u6613\u53d8\u5366\u3002"
        }
    }
}

2022-01-02 09:23:51.436 | INFO     | httprunner.client:request:217 - status_code: 200, response_time(ms): 237.37 ms, response_length: 0 bytes
2022-01-02 09:23:51.437 | INFO     | httprunner.response:validate:246 - assert body.error_code equal 0(int)	==> pass
2022-01-02 09:23:51.437 | INFO     | httprunner.response:validate:246 - assert status_code equal 200(int)	==> pass
2022-01-02 09:23:51.437 | INFO     | httprunner.runner:__run_step:304 - run step end: ²âÊÔĞ×¼ª <<<<<<

